<?xml version="1.0" encoding="UTF-8"?>
<!-- Generated by org.testng.reporters.JUnitReportReporter -->
<testsuite hostname="DESKTOP-MQNK3FA" failures="0" tests="4" name="practice1.Demo1" time="0.018" errors="0" timestamp="2023-10-03T14:22:22 IST" skipped="0">
  <testcase classname="practice1.Demo1" name="demoB" time="0.002"/>
  <testcase classname="practice1.Demo1" name="demoC" time="0.009"/>
  <testcase classname="practice1.Demo1" name="demoC" time="0.003"/>
  <testcase classname="practice1.Demo1" name="demoA" time="0.004"/>
</testsuite> <!-- practice1.Demo1 -->
