<?xml version="1.0" encoding="UTF-8"?>
<!-- Generated by org.testng.reporters.JUnitReportReporter -->
<testsuite hostname="DESKTOP-MQNK3FA" failures="0" tests="3" name="com.acttime.testscript.ProjectModule" time="0.027" errors="0" timestamp="2023-10-04T15:25:29 IST" skipped="0">
  <testcase classname="com.acttime.testscript.ProjectModule" name="creatProject" time="0.012">
    <system-out>
      <![CDATA[creatProject]]>
    </system-out>
  </testcase> <!-- creatProject -->
  <testcase classname="com.acttime.testscript.ProjectModule" name="modifyProject" time="0.008">
    <system-out>
      <![CDATA[modifyProject]]>
    </system-out>
  </testcase> <!-- modifyProject -->
  <testcase classname="com.acttime.testscript.ProjectModule" name="deleteProject" time="0.007">
    <system-out>
      <![CDATA[deleteProject]]>
    </system-out>
  </testcase> <!-- deleteProject -->
  <system-out>
    <![CDATA[openBrowser
logIn
creatProject
logOut
logIn
deleteProject
logOut
logIn
modifyProject
logOut
closeBrowser
openBrowser
logIn
deleteCustomer
logOut
closeBrowser
openBrowser
logIn
deleteTask
logOut
closeBrowser]]>
  </system-out>
</testsuite> <!-- com.acttime.testscript.ProjectModule -->
