<?xml version="1.0" encoding="UTF-8"?>
<!-- Generated by org.testng.reporters.JUnitReportReporter -->
<testsuite hostname="DESKTOP-MQNK3FA" failures="0" tests="5" name="practice1.Demo" time="0.024" errors="0" timestamp="2023-10-03T13:44:15 IST" skipped="0">
  <testcase classname="practice1.Demo" name="kishoreD" time="0.002"/>
  <testcase classname="practice1.Demo" name="kishoreE" time="0.003"/>
  <testcase classname="practice1.Demo" name="nameA" time="0.009"/>
  <testcase classname="practice1.Demo" name="kishoreB" time="0.008"/>
  <testcase classname="practice1.Demo" name="kishoreC" time="0.002"/>
</testsuite> <!-- practice1.Demo -->
