<?xml version="1.0" encoding="UTF-8"?>
<!-- Generated by org.testng.reporters.JUnitReportReporter -->
<testsuite hostname="DESKTOP-MQNK3FA" failures="0" tests="2" name="com.acttime.testscript.TaskModule" time="0.012" errors="0" timestamp="2023-10-04T15:25:48 IST" skipped="0">
  <testcase classname="com.acttime.testscript.TaskModule" name="modifyTask" time="0.006">
    <system-out>
      <![CDATA[modifyTask]]>
    </system-out>
  </testcase> <!-- modifyTask -->
  <testcase classname="com.acttime.testscript.TaskModule" name="creatTask" time="0.006">
    <system-out>
      <![CDATA[creatTask]]>
    </system-out>
  </testcase> <!-- creatTask -->
  <system-out>
    <![CDATA[openBrowser
logIn
creatCustomer
logOut
logIn
modifyCustomer
logOut
closeBrowser
openBrowser
logIn
creatTask
logOut
logIn
modifyTask
logOut
closeBrowser]]>
  </system-out>
</testsuite> <!-- com.acttime.testscript.TaskModule -->
