<?xml version="1.0" encoding="UTF-8"?>
<!-- Generated by org.testng.reporters.JUnitReportReporter -->
<testsuite hostname="DESKTOP-MQNK3FA" failures="0" tests="1" name="practice1.VerifyTitle" time="5.100" errors="0" timestamp="2023-10-03T16:44:45 IST" skipped="0">
  <testcase classname="practice1.VerifyTitle" name="all" time="5.100"/>
</testsuite> <!-- practice1.VerifyTitle -->
